<?xml version="1.0" encoding="UTF-8"?>
<!-- Generated by org.testng.reporters.JUnitReportReporter -->
<testsuite hostname="DESKTOP-RBVCERR" failures="0" tests="3" name="testPackage.LandingPageTest" time="13.305" errors="0" timestamp="2022-12-29T16:30:03 PST" skipped="0">
  <testcase classname="testPackage.LandingPageTest" name="validateTitleTest" time="4.488"/>
  <system-out/>
  <testcase classname="testPackage.LandingPageTest" name="verifyScheduleTest" time="4.660"/>
  <system-out/>
  <testcase classname="testPackage.LandingPageTest" name="verifyHomeBtnTest" time="4.157"/>
  <system-out/>
</testsuite> <!-- testPackage.LandingPageTest -->
