<?xml version="1.0" encoding="UTF-8"?>
<!-- Generated by org.testng.reporters.JUnitReportReporter -->
<testsuite hostname="DESKTOP-RBVCERR" failures="0" tests="2" name="testPackage.HomePageTest" time="8.336" errors="0" timestamp="2022-12-29T16:18:18 PST" skipped="0">
  <testcase classname="testPackage.HomePageTest" name="verifyTitleTest" time="3.532"/>
  <system-out/>
  <testcase classname="testPackage.HomePageTest" name="verifyStudentAcecessTest" time="4.804"/>
  <system-out/>
</testsuite> <!-- testPackage.HomePageTest -->
