<?xml version="1.0" encoding="UTF-8"?>
<!-- Generated by org.testng.reporters.JUnitReportReporter -->
<testsuite hostname="DESKTOP-RBVCERR" failures="0" tests="5" name="testPackage.LoginPageTest" time="51.636" errors="0" timestamp="2022-12-29T16:32:01 PST" skipped="0">
  <testcase classname="testPackage.LoginPageTest" name="loginDataTest" time="21.278"/>
  <system-out/>
  <testcase classname="testPackage.LoginPageTest" name="validateLoginPageTitle" time="3.698"/>
  <system-out/>
  <testcase classname="testPackage.LoginPageTest" name="loginDataTest" time="3.564"/>
  <system-out/>
  <testcase classname="testPackage.LoginPageTest" name="loginDataTest" time="3.621"/>
  <system-out/>
  <testcase classname="testPackage.LoginPageTest" name="loginDataTest" time="19.475"/>
  <system-out/>
</testsuite> <!-- testPackage.LoginPageTest -->
